Arguments: 
  E:\Program Files\nodejs\node.exe C:\Program Files (x86)\Yarn\bin\yarn.js install

PATH: 
  C:\Program Files (x86)\Common Files\Oracle\Java\javapath;C:\Windows\system32;C:\Windows;C:\Windows\System32\Wbem;C:\Windows\System32\WindowsPowerShell\v1.0\;C:\Windows\System32\OpenSSH\;C:\Program Files (x86)\NVIDIA Corporation\PhysX\Common;C:\Program Files\NVIDIA Corporation\NVIDIA NvDLISR;E:\Program Files\Git\cmd;E:\Program Data\SDKS\GO\bin;E:\Program Files\nodejs\;C:\Program Files (x86)\Yarn\bin\;C:\Program Files\Java\jdk-11.0.6\bin;D:\apache-maven-3.6.3\bin\bin;C:\Program Files\Java\jdk-11.0.6\bin;D:\apache-maven-3.6.3\bin;D:\sonar-scanner-4.3.0.2102-windows\bin;C:\Program Files\Docker\Docker\resources\bin;C:\ProgramData\DockerDesktop\version-bin;D:\Docker\lnmp\windows;C:\Users\ayden\AppData\Local\Microsoft\WindowsApps;E:\Program Files\Microsoft VS Code\bin;E:\Program Files\PhpStorm 2019.3.3\bin;C:\Users\ayden\AppData\Local\GitHubDesktop\bin;D:\phpstudy_pro\Extensions\composer1.8.5;D:\phpstudy_pro\Extensions\php\php7.3.4nts;E:\Program Files\GoLand 2019.3.2\bin;C:\Users\ayden\go\bin;C:\Users\ayden\AppData\Roaming\npm;E:\Program Files\PyCharm 2019.3.3\bin;C:\Users\ayden\AppData\Local\Yarn\bin;E:\Program Files\WebStorm 2019.3.3\bin;E:\Program Files\IntelliJ IDEA 2019.3.3\bin;D:\apache-maven-3.6.3;D:\phpstudy_pro\Extensions\redis3.0.504;D:\Program Files\Python;D:\Program Files\Python\Scripts

Yarn version: 
  1.22.4

Node version: 
  12.16.1

Platform: 
  win32 x64

Trace: 
  Error: https://registry.npm.taobao.org/caniuse-lite/download/caniuse-lite-1.0.30001053.tgz?cache=0&sync_timestamp=1588826003850&other_urls=https%3A%2F%2Fregistry.npm.taobao.org%2Fcaniuse-lite%2Fdownload%2Fcaniuse-lite-1.0.30001053.tgz: unexpected end of file
      at Zlib.zlibOnError [as onerror] (zlib.js:180:17)

npm manifest: 
  {
    "name": "Palette-taro",
    "version": "1.0.0",
    "private": true,
    "description": "",
    "templateInfo": {
      "name": "redux",
      "typescript": false,
      "css": "sass"
    },
    "scripts": {
      "build:weapp": "taro build --type weapp",
      "build:swan": "taro build --type swan",
      "build:alipay": "taro build --type alipay",
      "build:tt": "taro build --type tt",
      "build:h5": "taro build --type h5",
      "build:rn": "taro build --type rn",
      "build:qq": "taro build --type qq",
      "build:quickapp": "taro build --type quickapp",
      "dev:weapp": "npm run build:weapp -- --watch",
      "dev:swan": "npm run build:swan -- --watch",
      "dev:alipay": "npm run build:alipay -- --watch",
      "dev:tt": "npm run build:tt -- --watch",
      "dev:h5": "npm run build:h5 -- --watch",
      "dev:rn": "npm run build:rn -- --watch",
      "dev:qq": "npm run build:qq -- --watch",
      "dev:quickapp": "npm run build:quickapp -- --watch"
    },
    "author": "",
    "license": "MIT",
    "dependencies": {
      "@tarojs/components": "2.2.2",
      "@tarojs/components-qa": "2.2.2",
      "@tarojs/redux": "2.2.2",
      "@tarojs/redux-h5": "2.2.2",
      "@tarojs/router": "2.2.2",
      "@tarojs/taro": "2.2.2",
      "@tarojs/taro-alipay": "2.2.2",
      "@tarojs/taro-h5": "2.2.2",
      "@tarojs/taro-qq": "2.2.2",
      "@tarojs/taro-quickapp": "2.2.2",
      "@tarojs/taro-swan": "2.2.2",
      "@tarojs/taro-tt": "2.2.2",
      "@tarojs/taro-weapp": "2.2.2",
      "babel-runtime": "^6.26.0",
      "nervjs": "^1.5.5",
      "nerv-devtools": "^1.5.5",
      "redux": "^4.0.0",
      "redux-logger": "^3.0.6",
      "redux-thunk": "^2.3.0",
      "regenerator-runtime": "0.11.1"
    },
    "devDependencies": {
      "@types/react": "^16.4.8",
      "@types/webpack-env": "^1.13.6",
      "@tarojs/mini-runner": "2.2.2",
      "@tarojs/webpack-runner": "2.2.2",
      "babel-plugin-transform-class-properties": "^6.24.1",
      "babel-plugin-transform-decorators-legacy": "^1.3.4",
      "babel-plugin-transform-jsx-stylesheet": "^0.6.5",
      "babel-plugin-transform-object-rest-spread": "^6.26.0",
      "babel-plugin-transform-runtime": "^6.23.0",
      "babel-preset-env": "^1.6.1",
      "babel-eslint": "^8.2.3",
      "eslint": "^5.16.0",
      "eslint-config-taro": "2.2.2",
      "eslint-plugin-react": "^7.8.2",
      "eslint-plugin-react-hooks": "^1.6.1",
      "eslint-plugin-import": "^2.12.0",
      "stylelint": "9.3.0",
      "stylelint-config-taro-rn": "2.2.2",
      "stylelint-taro-rn": "2.2.2",
      "eslint-plugin-taro": "2.2.2"
    }
  }

yarn manifest: 
  No manifest

Lockfile: 
  No lockfile
